<?xml version="1.0" encoding="UTF-8"?>
<robot generator="Robot 4.1.3 (Python 3.10.2 on win32)" generated="20220206 01:27:40.482" rpa="false" schemaversion="2">
<suite id="s1" name="projetoABC" source="C:\Users\LFSpanhol\Documents\GitHub\robot-framework\Project ABC\projetoABC.robot">
<test id="s1-t1" name="TC01: Cadastro de usuário">
<kw name="Conectar a API" library="resourseProjectoABC" type="SETUP">
<kw name="Create Session" library="RequestsLibrary">
<arg>TesteApi</arg>
<arg>${URL_API}</arg>
<doc>Create Session: create a HTTP session to a server</doc>
<msg timestamp="20220206 01:27:40.927" level="INFO">Creating Session using : alias=TesteApi, url=https://reqres.in, headers={},                     cookies={}, auth=None, timeout=None, proxies=None, verify=False,                     debug=0 </msg>
<status status="PASS" starttime="20220206 01:27:40.927" endtime="20220206 01:27:40.927"/>
</kw>
<status status="PASS" starttime="20220206 01:27:40.927" endtime="20220206 01:27:40.927"/>
</kw>
<kw name="Cadastrar um usuário no sistema" library="resourseProjectoABC">
<kw name="Criar usuario para o sistema" library="resourseProjectoABC">
<kw name="Name" library="FakerLibrary">
<var>${RANDOM_NOME}</var>
<doc>:example 'John Doe'</doc>
<msg timestamp="20220206 01:27:40.929" level="INFO">${RANDOM_NOME} = Dr. Enzo Nascimento</msg>
<status status="PASS" starttime="20220206 01:27:40.928" endtime="20220206 01:27:40.929"/>
</kw>
<kw name="Job" library="FakerLibrary">
<var>${RANDOM_JOB}</var>
<msg timestamp="20220206 01:27:40.930" level="INFO">${RANDOM_JOB} = Médico cirurgião</msg>
<status status="PASS" starttime="20220206 01:27:40.929" endtime="20220206 01:27:40.930"/>
</kw>
<kw name="Create Dictionary" library="BuiltIn">
<var>${USUARIO}</var>
<arg>Nome=${RANDOM_NOME}</arg>
<arg>Job=${RANDOM_JOB}</arg>
<doc>Creates and returns a dictionary based on the given ``items``.</doc>
<msg timestamp="20220206 01:27:40.931" level="INFO">${USUARIO} = {'Nome': 'Dr. Enzo Nascimento', 'Job': 'Médico cirurgião'}</msg>
<status status="PASS" starttime="20220206 01:27:40.930" endtime="20220206 01:27:40.931"/>
</kw>
<kw name="Set Suite Variable" library="BuiltIn">
<arg>${USUARIO}</arg>
<doc>Makes a variable available everywhere within the scope of the current suite.</doc>
<msg timestamp="20220206 01:27:40.933" level="INFO">${USUARIO} = {'Nome': 'Dr. Enzo Nascimento', 'Job': 'Médico cirurgião'}</msg>
<status status="PASS" starttime="20220206 01:27:40.931" endtime="20220206 01:27:40.933"/>
</kw>
<status status="PASS" starttime="20220206 01:27:40.928" endtime="20220206 01:27:40.933"/>
</kw>
<kw name="Criar header para a chamadas" library="resourseProjectoABC">
<kw name="Create Dictionary" library="BuiltIn">
<var>${HEADER}</var>
<arg>Content-Type=${CONTENT_TYPE}</arg>
<doc>Creates and returns a dictionary based on the given ``items``.</doc>
<msg timestamp="20220206 01:27:40.934" level="INFO">${HEADER} = {'Content-Type': 'application/json'}</msg>
<status status="PASS" starttime="20220206 01:27:40.933" endtime="20220206 01:27:40.934"/>
</kw>
<kw name="Set Suite Variable" library="BuiltIn">
<arg>${HEADER}</arg>
<doc>Makes a variable available everywhere within the scope of the current suite.</doc>
<msg timestamp="20220206 01:27:40.935" level="INFO">${HEADER} = {'Content-Type': 'application/json'}</msg>
<status status="PASS" starttime="20220206 01:27:40.934" endtime="20220206 01:27:40.935"/>
</kw>
<status status="PASS" starttime="20220206 01:27:40.933" endtime="20220206 01:27:40.935"/>
</kw>
<kw name="Create Dictionary" library="BuiltIn">
<var>${BODY}</var>
<arg>nome=${USUARIO.Nome} job=${USUARIO.Job}</arg>
<doc>Creates and returns a dictionary based on the given ``items``.</doc>
<msg timestamp="20220206 01:27:40.936" level="INFO">${BODY} = {'nome': 'Dr. Enzo Nascimento job=Médico cirurgião'}</msg>
<status status="PASS" starttime="20220206 01:27:40.935" endtime="20220206 01:27:40.936"/>
</kw>
<kw name="POST On Session" library="RequestsLibrary">
<var>${RESPOSTA}</var>
<arg>TesteApi</arg>
<arg>${POST_CADASTRO}</arg>
<arg>json=${BODY}</arg>
<arg>headers=${HEADER}</arg>
<doc>Sends a POST request on a previously created HTTP Session.</doc>
<msg timestamp="20220206 01:28:23.591" level="INFO">POST Request : url=https://reqres.in/api/users 
 path_url=/api/users 
 headers={'User-Agent': 'python-requests/2.27.1', 'Accept-Encoding': 'gzip, deflate', 'Accept': '*/*', 'Connection': 'keep-alive', 'Content-Type': 'application/json', 'Content-Length': '62'} 
 body=b'{"nome": "Dr. Enzo Nascimento job=M\\u00e9dico cirurgi\\u00e3o"}' 
 </msg>
<msg timestamp="20220206 01:28:23.591" level="INFO">POST Response : url=https://reqres.in/api/users 
 status=201, reason=Created 
 headers={'Date': 'Sun, 06 Feb 2022 04:28:49 GMT', 'Content-Type': 'application/json; charset=utf-8', 'Content-Length': '103', 'Connection': 'keep-alive', 'x-powered-by': 'Express', 'access-control-allow-origin': '*', 'etag': 'W/"67-xkOUjC/NCjxcsOy7xCxbXIm6cQE"', 'via': '1.1 vegur', 'CF-Cache-Status': 'DYNAMIC', 'Expect-CT': 'max-age=604800, report-uri="https://report-uri.cloudflare.com/cdn-cgi/beacon/expect-ct"', 'Report-To': '{"endpoints":[{"url":"https:\\/\\/a.nel.cloudflare.com\\/report\\/v3?s=89obNORQAhdB%2FQa2%2BfKil69AZxvHoYkKb4%2FQiE1texo11nWN3UA9ft6DYv4tQuV3tesZcCCRn%2FYux26rTegh69LXWZBLeo9pRER9Xi0ajZbSfsuiWQbmZFbsII8%3D"}],"group":"cf-nel","max_age":604800}', 'NEL': '{"success_fraction":0,"report_to":"cf-nel","max_age":604800}', 'Server': 'cloudflare', 'CF-RAY': '6d91a2462a864b3b-GRU', 'alt-svc': 'h3=":443"; ma=86400, h3-29=":443"; ma=86400'} 
 body={"nome":"Dr. Enzo Nascimento job=Médico cirurgião","id":"190","createdAt":"2022-02-06T04:28:49.330Z"} 
 </msg>
<msg timestamp="20220206 01:28:23.591" level="INFO">C:\Users\LFSpanhol\AppData\Local\Programs\Python\Python310\lib\site-packages\urllib3\connectionpool.py:1043: InsecureRequestWarning: Unverified HTTPS request is being made to host 'reqres.in'. Adding certificate verification is strongly advised. See: https://urllib3.readthedocs.io/en/1.26.x/advanced-usage.html#ssl-warnings
  warnings.warn(</msg>
<msg timestamp="20220206 01:28:23.591" level="INFO">${RESPOSTA} = &lt;Response [201]&gt;</msg>
<status status="PASS" starttime="20220206 01:27:40.937" endtime="20220206 01:28:23.591"/>
</kw>
<kw name="Log" library="BuiltIn">
<arg>${RESPOSTA}</arg>
<doc>Logs the given message with the given level.</doc>
<msg timestamp="20220206 01:28:23.595" level="INFO">&lt;Response [201]&gt;</msg>
<status status="PASS" starttime="20220206 01:28:23.591" endtime="20220206 01:28:23.595"/>
</kw>
<kw name="Set Suite Variable" library="BuiltIn">
<arg>${RESPOSTA}</arg>
<doc>Makes a variable available everywhere within the scope of the current suite.</doc>
<msg timestamp="20220206 01:28:23.596" level="INFO">${RESPOSTA} = &lt;Response [201]&gt;</msg>
<status status="PASS" starttime="20220206 01:28:23.595" endtime="20220206 01:28:23.596"/>
</kw>
<status status="PASS" starttime="20220206 01:27:40.928" endtime="20220206 01:28:23.596"/>
</kw>
<kw name="Teste: Validar o usuário cadastrado via API" library="resourseProjectoABC">
<kw name="Cadastrar um usuário no sistema" library="resourseProjectoABC">
<kw name="Criar usuario para o sistema" library="resourseProjectoABC">
<kw name="Name" library="FakerLibrary">
<var>${RANDOM_NOME}</var>
<doc>:example 'John Doe'</doc>
<msg timestamp="20220206 01:28:23.599" level="INFO">${RANDOM_NOME} = Francisco Barbosa</msg>
<status status="PASS" starttime="20220206 01:28:23.599" endtime="20220206 01:28:23.599"/>
</kw>
<kw name="Job" library="FakerLibrary">
<var>${RANDOM_JOB}</var>
<msg timestamp="20220206 01:28:23.600" level="INFO">${RANDOM_JOB} = Xilógrafo</msg>
<status status="PASS" starttime="20220206 01:28:23.599" endtime="20220206 01:28:23.600"/>
</kw>
<kw name="Create Dictionary" library="BuiltIn">
<var>${USUARIO}</var>
<arg>Nome=${RANDOM_NOME}</arg>
<arg>Job=${RANDOM_JOB}</arg>
<doc>Creates and returns a dictionary based on the given ``items``.</doc>
<msg timestamp="20220206 01:28:23.600" level="INFO">${USUARIO} = {'Nome': 'Francisco Barbosa', 'Job': 'Xilógrafo'}</msg>
<status status="PASS" starttime="20220206 01:28:23.600" endtime="20220206 01:28:23.600"/>
</kw>
<kw name="Set Suite Variable" library="BuiltIn">
<arg>${USUARIO}</arg>
<doc>Makes a variable available everywhere within the scope of the current suite.</doc>
<msg timestamp="20220206 01:28:23.600" level="INFO">${USUARIO} = {'Nome': 'Francisco Barbosa', 'Job': 'Xilógrafo'}</msg>
<status status="PASS" starttime="20220206 01:28:23.600" endtime="20220206 01:28:23.600"/>
</kw>
<status status="PASS" starttime="20220206 01:28:23.599" endtime="20220206 01:28:23.600"/>
</kw>
<kw name="Criar header para a chamadas" library="resourseProjectoABC">
<kw name="Create Dictionary" library="BuiltIn">
<var>${HEADER}</var>
<arg>Content-Type=${CONTENT_TYPE}</arg>
<doc>Creates and returns a dictionary based on the given ``items``.</doc>
<msg timestamp="20220206 01:28:23.600" level="INFO">${HEADER} = {'Content-Type': 'application/json'}</msg>
<status status="PASS" starttime="20220206 01:28:23.600" endtime="20220206 01:28:23.600"/>
</kw>
<kw name="Set Suite Variable" library="BuiltIn">
<arg>${HEADER}</arg>
<doc>Makes a variable available everywhere within the scope of the current suite.</doc>
<msg timestamp="20220206 01:28:23.600" level="INFO">${HEADER} = {'Content-Type': 'application/json'}</msg>
<status status="PASS" starttime="20220206 01:28:23.600" endtime="20220206 01:28:23.600"/>
</kw>
<status status="PASS" starttime="20220206 01:28:23.600" endtime="20220206 01:28:23.600"/>
</kw>
<kw name="Create Dictionary" library="BuiltIn">
<var>${BODY}</var>
<arg>nome=${USUARIO.Nome} job=${USUARIO.Job}</arg>
<doc>Creates and returns a dictionary based on the given ``items``.</doc>
<msg timestamp="20220206 01:28:23.600" level="INFO">${BODY} = {'nome': 'Francisco Barbosa job=Xilógrafo'}</msg>
<status status="PASS" starttime="20220206 01:28:23.600" endtime="20220206 01:28:23.600"/>
</kw>
<kw name="POST On Session" library="RequestsLibrary">
<var>${RESPOSTA}</var>
<arg>TesteApi</arg>
<arg>${POST_CADASTRO}</arg>
<arg>json=${BODY}</arg>
<arg>headers=${HEADER}</arg>
<doc>Sends a POST request on a previously created HTTP Session.</doc>
<msg timestamp="20220206 01:28:24.065" level="INFO">POST Request : url=https://reqres.in/api/users 
 path_url=/api/users 
 headers={'User-Agent': 'python-requests/2.27.1', 'Accept-Encoding': 'gzip, deflate', 'Accept': '*/*', 'Connection': 'keep-alive', 'Content-Type': 'application/json', 'Content-Length': '48'} 
 body=b'{"nome": "Francisco Barbosa job=Xil\\u00f3grafo"}' 
 </msg>
<msg timestamp="20220206 01:28:24.065" level="INFO">POST Response : url=https://reqres.in/api/users 
 status=201, reason=Created 
 headers={'Date': 'Sun, 06 Feb 2022 04:28:49 GMT', 'Content-Type': 'application/json; charset=utf-8', 'Content-Length': '93', 'Connection': 'keep-alive', 'x-powered-by': 'Express', 'access-control-allow-origin': '*', 'etag': 'W/"5d-x3HRVFQuV9kVwvixugdIN5u0y5Q"', 'via': '1.1 vegur', 'CF-Cache-Status': 'DYNAMIC', 'Expect-CT': 'max-age=604800, report-uri="https://report-uri.cloudflare.com/cdn-cgi/beacon/expect-ct"', 'Report-To': '{"endpoints":[{"url":"https:\\/\\/a.nel.cloudflare.com\\/report\\/v3?s=8zggeF0n3vX1DILAiUzJDQho5r3vLV8jeCG%2FC1WoVRlv9HG7yDsVAzTnCRaKPdu5PgDP4E%2FpL5tjGO%2Bf%2FEo13UtCxXNvbN3VFjPVCtwk1PYCcLFXWZorH575%2Bag%3D"}],"group":"cf-nel","max_age":604800}', 'NEL': '{"success_fraction":0,"report_to":"cf-nel","max_age":604800}', 'Server': 'cloudflare', 'CF-RAY': '6d91a2494cf64b3b-GRU', 'alt-svc': 'h3=":443"; ma=86400, h3-29=":443"; ma=86400'} 
 body={"nome":"Francisco Barbosa job=Xilógrafo","id":"979","createdAt":"2022-02-06T04:28:49.814Z"} 
 </msg>
<msg timestamp="20220206 01:28:24.065" level="INFO">C:\Users\LFSpanhol\AppData\Local\Programs\Python\Python310\lib\site-packages\urllib3\connectionpool.py:1043: InsecureRequestWarning: Unverified HTTPS request is being made to host 'reqres.in'. Adding certificate verification is strongly advised. See: https://urllib3.readthedocs.io/en/1.26.x/advanced-usage.html#ssl-warnings
  warnings.warn(</msg>
<msg timestamp="20220206 01:28:24.065" level="INFO">${RESPOSTA} = &lt;Response [201]&gt;</msg>
<status status="PASS" starttime="20220206 01:28:23.600" endtime="20220206 01:28:24.065"/>
</kw>
<kw name="Log" library="BuiltIn">
<arg>${RESPOSTA}</arg>
<doc>Logs the given message with the given level.</doc>
<msg timestamp="20220206 01:28:24.078" level="INFO">&lt;Response [201]&gt;</msg>
<status status="PASS" starttime="20220206 01:28:24.078" endtime="20220206 01:28:24.079"/>
</kw>
<kw name="Set Suite Variable" library="BuiltIn">
<arg>${RESPOSTA}</arg>
<doc>Makes a variable available everywhere within the scope of the current suite.</doc>
<msg timestamp="20220206 01:28:24.080" level="INFO">${RESPOSTA} = &lt;Response [201]&gt;</msg>
<status status="PASS" starttime="20220206 01:28:24.079" endtime="20220206 01:28:24.080"/>
</kw>
<status status="PASS" starttime="20220206 01:28:23.598" endtime="20220206 01:28:24.081"/>
</kw>
<kw name="Convert To String" library="BuiltIn">
<var>${RES_BODY}</var>
<arg>${RESPOSTA.content}</arg>
<doc>Converts the given item to a Unicode string.</doc>
<msg timestamp="20220206 01:28:24.083" level="INFO">${RES_BODY} = {"nome":"Francisco Barbosa job=Xil\xc3\xb3grafo","id":"979","createdAt":"2022-02-06T04:28:49.814Z"}</msg>
<status status="PASS" starttime="20220206 01:28:24.081" endtime="20220206 01:28:24.083"/>
</kw>
<kw name="Should Be Equal As Strings" library="BuiltIn">
<arg>${RESPOSTA.url}</arg>
<arg>${URL_API}${POST_CADASTRO}</arg>
<doc>Fails if objects are unequal after converting them to strings.</doc>
<status status="PASS" starttime="20220206 01:28:24.083" endtime="20220206 01:28:24.084"/>
</kw>
<kw name="Should Be Equal As Strings" library="BuiltIn">
<arg>${RESPOSTA.reason}</arg>
<arg>${MSG_REASON.Create}</arg>
<doc>Fails if objects are unequal after converting them to strings.</doc>
<status status="PASS" starttime="20220206 01:28:24.084" endtime="20220206 01:28:24.085"/>
</kw>
<kw name="Should Be Equal As Integers" library="BuiltIn">
<arg>${RESPOSTA.status_code}</arg>
<arg>201</arg>
<doc>Fails if objects are unequal after converting them to integers.</doc>
<msg timestamp="20220206 01:28:24.086" level="INFO">Argument types are:
&lt;class 'int'&gt;
&lt;type 'unicode'&gt;</msg>
<status status="PASS" starttime="20220206 01:28:24.085" endtime="20220206 01:28:24.086"/>
</kw>
<status status="PASS" starttime="20220206 01:28:23.597" endtime="20220206 01:28:24.086"/>
</kw>
<status status="PASS" starttime="20220206 01:27:40.916" endtime="20220206 01:28:24.087"/>
</test>
<test id="s1-t2" name="TC02: Consulta token do usuário">
<kw name="Conectar a API" library="resourseProjectoABC" type="SETUP">
<kw name="Create Session" library="RequestsLibrary">
<arg>TesteApi</arg>
<arg>${URL_API}</arg>
<doc>Create Session: create a HTTP session to a server</doc>
<msg timestamp="20220206 01:28:24.091" level="INFO">Creating Session using : alias=TesteApi, url=https://reqres.in, headers={},                     cookies={}, auth=None, timeout=None, proxies=None, verify=False,                     debug=0 </msg>
<status status="PASS" starttime="20220206 01:28:24.091" endtime="20220206 01:28:24.091"/>
</kw>
<status status="PASS" starttime="20220206 01:28:24.090" endtime="20220206 01:28:24.091"/>
</kw>
<kw name="Consultar o token do um usuário cadastrado no sistema" library="resourseProjectoABC">
<kw name="Criar header para a chamadas" library="resourseProjectoABC">
<kw name="Create Dictionary" library="BuiltIn">
<var>${HEADER}</var>
<arg>Content-Type=${CONTENT_TYPE}</arg>
<doc>Creates and returns a dictionary based on the given ``items``.</doc>
<msg timestamp="20220206 01:28:24.092" level="INFO">${HEADER} = {'Content-Type': 'application/json'}</msg>
<status status="PASS" starttime="20220206 01:28:24.092" endtime="20220206 01:28:24.092"/>
</kw>
<kw name="Set Suite Variable" library="BuiltIn">
<arg>${HEADER}</arg>
<doc>Makes a variable available everywhere within the scope of the current suite.</doc>
<msg timestamp="20220206 01:28:24.093" level="INFO">${HEADER} = {'Content-Type': 'application/json'}</msg>
<status status="PASS" starttime="20220206 01:28:24.092" endtime="20220206 01:28:24.093"/>
</kw>
<status status="PASS" starttime="20220206 01:28:24.092" endtime="20220206 01:28:24.093"/>
</kw>
<kw name="Create Dictionary" library="BuiltIn">
<var>${BODY}</var>
<arg>email=eve.holt@reqres.in</arg>
<arg>password=cityslicka</arg>
<doc>Creates and returns a dictionary based on the given ``items``.</doc>
<msg timestamp="20220206 01:28:24.093" level="INFO">${BODY} = {'email': 'eve.holt@reqres.in', 'password': 'cityslicka'}</msg>
<status status="PASS" starttime="20220206 01:28:24.093" endtime="20220206 01:28:24.093"/>
</kw>
<kw name="POST On Session" library="RequestsLibrary">
<var>${RESPOSTA}</var>
<arg>TesteApi</arg>
<arg>${POST_CONSULTA}</arg>
<arg>json=${BODY}</arg>
<arg>headers=${HEADER}</arg>
<doc>Sends a POST request on a previously created HTTP Session.</doc>
<msg timestamp="20220206 01:29:06.675" level="INFO">POST Request : url=https://reqres.in/api/login 
 path_url=/api/login 
 headers={'User-Agent': 'python-requests/2.27.1', 'Accept-Encoding': 'gzip, deflate', 'Accept': '*/*', 'Connection': 'keep-alive', 'Content-Type': 'application/json', 'Content-Length': '57'} 
 body=b'{"email": "eve.holt@reqres.in", "password": "cityslicka"}' 
 </msg>
<msg timestamp="20220206 01:29:06.691" level="INFO">POST Response : url=https://reqres.in/api/login 
 status=200, reason=OK 
 headers={'Date': 'Sun, 06 Feb 2022 04:29:32 GMT', 'Content-Type': 'application/json; charset=utf-8', 'Content-Length': '29', 'Connection': 'keep-alive', 'x-powered-by': 'Express', 'access-control-allow-origin': '*', 'etag': 'W/"1d-lGCrvD6B7Qzk11+2C98+nGhhuec"', 'via': '1.1 vegur', 'CF-Cache-Status': 'DYNAMIC', 'Expect-CT': 'max-age=604800, report-uri="https://report-uri.cloudflare.com/cdn-cgi/beacon/expect-ct"', 'Report-To': '{"endpoints":[{"url":"https:\\/\\/a.nel.cloudflare.com\\/report\\/v3?s=TfNVRe9vsDnrnO2PVAjo6%2FDwH5fnwwNbCa7w3jbb8b%2F40sPkeDE0bpY0M0o%2BAk0QsNQWpjvg9pOzxgFnUMR2G2xpbhgrSgdF0FRhjLW7NsNma8xjIT5pWVcYhr4%3D"}],"group":"cf-nel","max_age":604800}', 'NEL': '{"success_fraction":0,"report_to":"cf-nel","max_age":604800}', 'Server': 'cloudflare', 'CF-RAY': '6d91a353a92df758-GRU', 'alt-svc': 'h3=":443"; ma=86400, h3-29=":443"; ma=86400'} 
 body={"token":"QpwL5tke4Pnpja7X4"} 
 </msg>
<msg timestamp="20220206 01:29:06.691" level="INFO">C:\Users\LFSpanhol\AppData\Local\Programs\Python\Python310\lib\site-packages\urllib3\connectionpool.py:1043: InsecureRequestWarning: Unverified HTTPS request is being made to host 'reqres.in'. Adding certificate verification is strongly advised. See: https://urllib3.readthedocs.io/en/1.26.x/advanced-usage.html#ssl-warnings
  warnings.warn(</msg>
<msg timestamp="20220206 01:29:06.691" level="INFO">${RESPOSTA} = &lt;Response [200]&gt;</msg>
<status status="PASS" starttime="20220206 01:28:24.093" endtime="20220206 01:29:06.691"/>
</kw>
<kw name="Log" library="BuiltIn">
<arg>${RESPOSTA}</arg>
<doc>Logs the given message with the given level.</doc>
<msg timestamp="20220206 01:29:06.695" level="INFO">&lt;Response [200]&gt;</msg>
<status status="PASS" starttime="20220206 01:29:06.695" endtime="20220206 01:29:06.695"/>
</kw>
<kw name="Set Suite Variable" library="BuiltIn">
<arg>${RESPOSTA}</arg>
<doc>Makes a variable available everywhere within the scope of the current suite.</doc>
<msg timestamp="20220206 01:29:06.696" level="INFO">${RESPOSTA} = &lt;Response [200]&gt;</msg>
<status status="PASS" starttime="20220206 01:29:06.696" endtime="20220206 01:29:06.696"/>
</kw>
<status status="PASS" starttime="20220206 01:28:24.092" endtime="20220206 01:29:06.697"/>
</kw>
<kw name="Teste: validar o retorno do token" library="resourseProjectoABC">
<kw name="Consultar o token do um usuário cadastrado no sistema" library="resourseProjectoABC">
<kw name="Criar header para a chamadas" library="resourseProjectoABC">
<kw name="Create Dictionary" library="BuiltIn">
<var>${HEADER}</var>
<arg>Content-Type=${CONTENT_TYPE}</arg>
<doc>Creates and returns a dictionary based on the given ``items``.</doc>
<msg timestamp="20220206 01:29:06.697" level="INFO">${HEADER} = {'Content-Type': 'application/json'}</msg>
<status status="PASS" starttime="20220206 01:29:06.697" endtime="20220206 01:29:06.697"/>
</kw>
<kw name="Set Suite Variable" library="BuiltIn">
<arg>${HEADER}</arg>
<doc>Makes a variable available everywhere within the scope of the current suite.</doc>
<msg timestamp="20220206 01:29:06.697" level="INFO">${HEADER} = {'Content-Type': 'application/json'}</msg>
<status status="PASS" starttime="20220206 01:29:06.697" endtime="20220206 01:29:06.697"/>
</kw>
<status status="PASS" starttime="20220206 01:29:06.697" endtime="20220206 01:29:06.697"/>
</kw>
<kw name="Create Dictionary" library="BuiltIn">
<var>${BODY}</var>
<arg>email=eve.holt@reqres.in</arg>
<arg>password=cityslicka</arg>
<doc>Creates and returns a dictionary based on the given ``items``.</doc>
<msg timestamp="20220206 01:29:06.697" level="INFO">${BODY} = {'email': 'eve.holt@reqres.in', 'password': 'cityslicka'}</msg>
<status status="PASS" starttime="20220206 01:29:06.697" endtime="20220206 01:29:06.697"/>
</kw>
<kw name="POST On Session" library="RequestsLibrary">
<var>${RESPOSTA}</var>
<arg>TesteApi</arg>
<arg>${POST_CONSULTA}</arg>
<arg>json=${BODY}</arg>
<arg>headers=${HEADER}</arg>
<doc>Sends a POST request on a previously created HTTP Session.</doc>
<msg timestamp="20220206 01:29:07.164" level="INFO">POST Request : url=https://reqres.in/api/login 
 path_url=/api/login 
 headers={'User-Agent': 'python-requests/2.27.1', 'Accept-Encoding': 'gzip, deflate', 'Accept': '*/*', 'Connection': 'keep-alive', 'Content-Type': 'application/json', 'Content-Length': '57'} 
 body=b'{"email": "eve.holt@reqres.in", "password": "cityslicka"}' 
 </msg>
<msg timestamp="20220206 01:29:07.164" level="INFO">POST Response : url=https://reqres.in/api/login 
 status=200, reason=OK 
 headers={'Date': 'Sun, 06 Feb 2022 04:29:33 GMT', 'Content-Type': 'application/json; charset=utf-8', 'Content-Length': '29', 'Connection': 'keep-alive', 'x-powered-by': 'Express', 'access-control-allow-origin': '*', 'etag': 'W/"1d-lGCrvD6B7Qzk11+2C98+nGhhuec"', 'via': '1.1 vegur', 'CF-Cache-Status': 'DYNAMIC', 'Expect-CT': 'max-age=604800, report-uri="https://report-uri.cloudflare.com/cdn-cgi/beacon/expect-ct"', 'Report-To': '{"endpoints":[{"url":"https:\\/\\/a.nel.cloudflare.com\\/report\\/v3?s=48maG0k4DR3tRiLQuHjfTNsu46M7oShP%2FhNRVBxE5ZUFBB7hd6VdQlyMEZSXr68WtctKoTHM7%2BFXX7J5%2Booeys%2B08eYep6UQcLd3Z1FZt5ohTBIwsxx62cj8gq4%3D"}],"group":"cf-nel","max_age":604800}', 'NEL': '{"success_fraction":0,"report_to":"cf-nel","max_age":604800}', 'Server': 'cloudflare', 'CF-RAY': '6d91a356ab49f758-GRU', 'alt-svc': 'h3=":443"; ma=86400, h3-29=":443"; ma=86400'} 
 body={"token":"QpwL5tke4Pnpja7X4"} 
 </msg>
<msg timestamp="20220206 01:29:07.164" level="INFO">C:\Users\LFSpanhol\AppData\Local\Programs\Python\Python310\lib\site-packages\urllib3\connectionpool.py:1043: InsecureRequestWarning: Unverified HTTPS request is being made to host 'reqres.in'. Adding certificate verification is strongly advised. See: https://urllib3.readthedocs.io/en/1.26.x/advanced-usage.html#ssl-warnings
  warnings.warn(</msg>
<msg timestamp="20220206 01:29:07.164" level="INFO">${RESPOSTA} = &lt;Response [200]&gt;</msg>
<status status="PASS" starttime="20220206 01:29:06.697" endtime="20220206 01:29:07.164"/>
</kw>
<kw name="Log" library="BuiltIn">
<arg>${RESPOSTA}</arg>
<doc>Logs the given message with the given level.</doc>
<msg timestamp="20220206 01:29:07.176" level="INFO">&lt;Response [200]&gt;</msg>
<status status="PASS" starttime="20220206 01:29:07.164" endtime="20220206 01:29:07.177"/>
</kw>
<kw name="Set Suite Variable" library="BuiltIn">
<arg>${RESPOSTA}</arg>
<doc>Makes a variable available everywhere within the scope of the current suite.</doc>
<msg timestamp="20220206 01:29:07.178" level="INFO">${RESPOSTA} = &lt;Response [200]&gt;</msg>
<status status="PASS" starttime="20220206 01:29:07.177" endtime="20220206 01:29:07.178"/>
</kw>
<status status="PASS" starttime="20220206 01:29:06.697" endtime="20220206 01:29:07.180"/>
</kw>
<kw name="Convert To String" library="BuiltIn">
<var>${RES_BODY}</var>
<arg>${RESPOSTA.content}</arg>
<doc>Converts the given item to a Unicode string.</doc>
<msg timestamp="20220206 01:29:07.180" level="INFO">${RES_BODY} = {"token":"QpwL5tke4Pnpja7X4"}</msg>
<status status="PASS" starttime="20220206 01:29:07.180" endtime="20220206 01:29:07.180"/>
</kw>
<kw name="Should Be Equal As Strings" library="BuiltIn">
<arg>${RESPOSTA.url}</arg>
<arg>${URL_API}${POST_CONSULTA}</arg>
<doc>Fails if objects are unequal after converting them to strings.</doc>
<status status="PASS" starttime="20220206 01:29:07.180" endtime="20220206 01:29:07.180"/>
</kw>
<kw name="Should Be Equal As Strings" library="BuiltIn">
<arg>${RESPOSTA.reason}</arg>
<arg>${MSG_REASON.Ok}</arg>
<doc>Fails if objects are unequal after converting them to strings.</doc>
<status status="PASS" starttime="20220206 01:29:07.180" endtime="20220206 01:29:07.180"/>
</kw>
<kw name="Should Be Equal As Integers" library="BuiltIn">
<arg>${RESPOSTA.status_code}</arg>
<arg>200</arg>
<doc>Fails if objects are unequal after converting them to integers.</doc>
<msg timestamp="20220206 01:29:07.180" level="INFO">Argument types are:
&lt;class 'int'&gt;
&lt;type 'unicode'&gt;</msg>
<status status="PASS" starttime="20220206 01:29:07.180" endtime="20220206 01:29:07.180"/>
</kw>
<kw name="Should Contain" library="BuiltIn">
<arg>${RES_BODY}</arg>
<arg>${MSG_RETORNO.token}</arg>
<doc>Fails if ``container`` does not contain ``item`` one or more times.</doc>
<status status="PASS" starttime="20220206 01:29:07.180" endtime="20220206 01:29:07.180"/>
</kw>
<status status="PASS" starttime="20220206 01:29:06.697" endtime="20220206 01:29:07.180"/>
</kw>
<status status="PASS" starttime="20220206 01:28:24.089" endtime="20220206 01:29:07.180"/>
</test>
<test id="s1-t3" name="TC03: Consulta de usuário cadastro no sistema">
<kw name="Conectar a API" library="resourseProjectoABC" type="SETUP">
<kw name="Create Session" library="RequestsLibrary">
<arg>TesteApi</arg>
<arg>${URL_API}</arg>
<doc>Create Session: create a HTTP session to a server</doc>
<msg timestamp="20220206 01:29:07.187" level="INFO">Creating Session using : alias=TesteApi, url=https://reqres.in, headers={},                     cookies={}, auth=None, timeout=None, proxies=None, verify=False,                     debug=0 </msg>
<status status="PASS" starttime="20220206 01:29:07.187" endtime="20220206 01:29:07.187"/>
</kw>
<status status="PASS" starttime="20220206 01:29:07.180" endtime="20220206 01:29:07.187"/>
</kw>
<kw name="Consultar um usuário cadastrado no sistema pelo id" library="resourseProjectoABC">
<kw name="Criar header para a chamadas" library="resourseProjectoABC">
<kw name="Create Dictionary" library="BuiltIn">
<var>${HEADER}</var>
<arg>Content-Type=${CONTENT_TYPE}</arg>
<doc>Creates and returns a dictionary based on the given ``items``.</doc>
<msg timestamp="20220206 01:29:07.189" level="INFO">${HEADER} = {'Content-Type': 'application/json'}</msg>
<status status="PASS" starttime="20220206 01:29:07.189" endtime="20220206 01:29:07.189"/>
</kw>
<kw name="Set Suite Variable" library="BuiltIn">
<arg>${HEADER}</arg>
<doc>Makes a variable available everywhere within the scope of the current suite.</doc>
<msg timestamp="20220206 01:29:07.189" level="INFO">${HEADER} = {'Content-Type': 'application/json'}</msg>
<status status="PASS" starttime="20220206 01:29:07.189" endtime="20220206 01:29:07.189"/>
</kw>
<status status="PASS" starttime="20220206 01:29:07.189" endtime="20220206 01:29:07.189"/>
</kw>
<kw name="Get Request" library="RequestsLibrary">
<var>${RESPOSTA}</var>
<arg>TesteAPI</arg>
<arg>${GET_CONSULTA}</arg>
<arg>headers=${HEADER}</arg>
<doc>*DEPRECATED* Please use `GET On Session` instead.</doc>
<msg timestamp="20220206 01:29:07.189" level="WARN">Keyword 'RequestsLibrary.Get Request' is deprecated. Please use `GET On Session` instead.</msg>
<msg timestamp="20220206 01:29:49.358" level="INFO">GET Request : url=https://reqres.in/api/users/2 
 path_url=/api/users/2 
 headers={'User-Agent': 'python-requests/2.27.1', 'Accept-Encoding': 'gzip, deflate', 'Accept': '*/*', 'Connection': 'keep-alive', 'Content-Type': 'application/json'} 
 body=None 
 </msg>
<msg timestamp="20220206 01:29:49.358" level="INFO">GET Response : url=https://reqres.in/api/users/2 
 status=200, reason=OK 
 headers={'Date': 'Sun, 06 Feb 2022 04:30:15 GMT', 'Content-Type': 'application/json; charset=utf-8', 'Transfer-Encoding': 'chunked', 'Connection': 'keep-alive', 'x-powered-by': 'Express', 'access-control-allow-origin': '*', 'etag': 'W/"118-pbdwwFo9SKNhD3Lx5iHJyngpq00"', 'via': '1.1 vegur', 'Cache-Control': 'max-age=14400', 'CF-Cache-Status': 'HIT', 'Age': '2722', 'Expect-CT': 'max-age=604800, report-uri="https://report-uri.cloudflare.com/cdn-cgi/beacon/expect-ct"', 'Report-To': '{"endpoints":[{"url":"https:\\/\\/a.nel.cloudflare.com\\/report\\/v3?s=q6RqO2rtwr8sVx6BECRFDAmb7B8GZPeVfupCtyk9LhxSPxDEa339ER7syRTkEJ1Hr%2BElabiSJl6NIdo8omWpmLcaAEK%2F39Ifv2LkCorO4S5anyp4mHzup3WcPO8%3D"}],"group":"cf-nel","max_age":604800}', 'NEL': '{"success_fraction":0,"report_to":"cf-nel","max_age":604800}', 'Vary': 'Accept-Encoding', 'Server': 'cloudflare', 'CF-RAY': '6d91a4612ec5f3ab-GRU', 'Content-Encoding': 'gzip', 'alt-svc': 'h3=":443"; ma=86400, h3-29=":443"; ma=86400'} 
 body={"data":{"id":2,"email":"janet.weaver@reqres.in","first_name":"Janet","last_name":"Weaver","avatar":"https://reqres.in/img/faces/2-image.jpg"},"support":{"url":"https://reqres.in/#support-heading","text":"To keep ReqRes free, contributions towards server costs are appreciated!"}} 
 </msg>
<msg timestamp="20220206 01:29:49.358" level="INFO">C:\Users\LFSpanhol\AppData\Local\Programs\Python\Python310\lib\site-packages\urllib3\connectionpool.py:1043: InsecureRequestWarning: Unverified HTTPS request is being made to host 'reqres.in'. Adding certificate verification is strongly advised. See: https://urllib3.readthedocs.io/en/1.26.x/advanced-usage.html#ssl-warnings
  warnings.warn(</msg>
<msg timestamp="20220206 01:29:49.358" level="INFO">${RESPOSTA} = &lt;Response [200]&gt;</msg>
<status status="PASS" starttime="20220206 01:29:07.189" endtime="20220206 01:29:49.358"/>
</kw>
<kw name="Log" library="BuiltIn">
<arg>${RESPOSTA}</arg>
<doc>Logs the given message with the given level.</doc>
<msg timestamp="20220206 01:29:49.370" level="INFO">&lt;Response [200]&gt;</msg>
<status status="PASS" starttime="20220206 01:29:49.370" endtime="20220206 01:29:49.371"/>
</kw>
<kw name="Set Suite Variable" library="BuiltIn">
<arg>${RESPOSTA}</arg>
<doc>Makes a variable available everywhere within the scope of the current suite.</doc>
<msg timestamp="20220206 01:29:49.372" level="INFO">${RESPOSTA} = &lt;Response [200]&gt;</msg>
<status status="PASS" starttime="20220206 01:29:49.371" endtime="20220206 01:29:49.373"/>
</kw>
<status status="PASS" starttime="20220206 01:29:07.188" endtime="20220206 01:29:49.373"/>
</kw>
<kw name="Teste: validar as informações do usuário cadastrado" library="resourseProjectoABC">
<kw name="Consultar um usuário cadastrado no sistema pelo id" library="resourseProjectoABC">
<kw name="Criar header para a chamadas" library="resourseProjectoABC">
<kw name="Create Dictionary" library="BuiltIn">
<var>${HEADER}</var>
<arg>Content-Type=${CONTENT_TYPE}</arg>
<doc>Creates and returns a dictionary based on the given ``items``.</doc>
<msg timestamp="20220206 01:29:49.376" level="INFO">${HEADER} = {'Content-Type': 'application/json'}</msg>
<status status="PASS" starttime="20220206 01:29:49.375" endtime="20220206 01:29:49.376"/>
</kw>
<kw name="Set Suite Variable" library="BuiltIn">
<arg>${HEADER}</arg>
<doc>Makes a variable available everywhere within the scope of the current suite.</doc>
<msg timestamp="20220206 01:29:49.376" level="INFO">${HEADER} = {'Content-Type': 'application/json'}</msg>
<status status="PASS" starttime="20220206 01:29:49.376" endtime="20220206 01:29:49.376"/>
</kw>
<status status="PASS" starttime="20220206 01:29:49.375" endtime="20220206 01:29:49.377"/>
</kw>
<kw name="Get Request" library="RequestsLibrary">
<var>${RESPOSTA}</var>
<arg>TesteAPI</arg>
<arg>${GET_CONSULTA}</arg>
<arg>headers=${HEADER}</arg>
<doc>*DEPRECATED* Please use `GET On Session` instead.</doc>
<msg timestamp="20220206 01:29:49.377" level="WARN">Keyword 'RequestsLibrary.Get Request' is deprecated. Please use `GET On Session` instead.</msg>
<msg timestamp="20220206 01:29:49.408" level="INFO">GET Request : url=https://reqres.in/api/users/2 
 path_url=/api/users/2 
 headers={'User-Agent': 'python-requests/2.27.1', 'Accept-Encoding': 'gzip, deflate', 'Accept': '*/*', 'Connection': 'keep-alive', 'Content-Type': 'application/json'} 
 body=None 
 </msg>
<msg timestamp="20220206 01:29:49.408" level="INFO">GET Response : url=https://reqres.in/api/users/2 
 status=200, reason=OK 
 headers={'Date': 'Sun, 06 Feb 2022 04:30:15 GMT', 'Content-Type': 'application/json; charset=utf-8', 'Transfer-Encoding': 'chunked', 'Connection': 'keep-alive', 'x-powered-by': 'Express', 'access-control-allow-origin': '*', 'etag': 'W/"118-pbdwwFo9SKNhD3Lx5iHJyngpq00"', 'via': '1.1 vegur', 'Cache-Control': 'max-age=14400', 'CF-Cache-Status': 'HIT', 'Age': '2722', 'Expect-CT': 'max-age=604800, report-uri="https://report-uri.cloudflare.com/cdn-cgi/beacon/expect-ct"', 'Report-To': '{"endpoints":[{"url":"https:\\/\\/a.nel.cloudflare.com\\/report\\/v3?s=NTWZYHjCot5HzCy04qwzBDcHrR2PnqWhpwaeHwnTf%2BmUFEdDLcFcFWhIfyoXZ7QR8lVicRvWWkbEtUfN2wQux7hrNX3hSgJzrXQxN4SAhvnE2xG2BvFq7MtHInU%3D"}],"group":"cf-nel","max_age":604800}', 'NEL': '{"success_fraction":0,"report_to":"cf-nel","max_age":604800}', 'Vary': 'Accept-Encoding', 'Server': 'cloudflare', 'CF-RAY': '6d91a4616eeaf3ab-GRU', 'Content-Encoding': 'gzip', 'alt-svc': 'h3=":443"; ma=86400, h3-29=":443"; ma=86400'} 
 body={"data":{"id":2,"email":"janet.weaver@reqres.in","first_name":"Janet","last_name":"Weaver","avatar":"https://reqres.in/img/faces/2-image.jpg"},"support":{"url":"https://reqres.in/#support-heading","text":"To keep ReqRes free, contributions towards server costs are appreciated!"}} 
 </msg>
<msg timestamp="20220206 01:29:49.408" level="INFO">C:\Users\LFSpanhol\AppData\Local\Programs\Python\Python310\lib\site-packages\urllib3\connectionpool.py:1043: InsecureRequestWarning: Unverified HTTPS request is being made to host 'reqres.in'. Adding certificate verification is strongly advised. See: https://urllib3.readthedocs.io/en/1.26.x/advanced-usage.html#ssl-warnings
  warnings.warn(</msg>
<msg timestamp="20220206 01:29:49.409" level="INFO">${RESPOSTA} = &lt;Response [200]&gt;</msg>
<status status="PASS" starttime="20220206 01:29:49.377" endtime="20220206 01:29:49.410"/>
</kw>
<kw name="Log" library="BuiltIn">
<arg>${RESPOSTA}</arg>
<doc>Logs the given message with the given level.</doc>
<msg timestamp="20220206 01:29:49.411" level="INFO">&lt;Response [200]&gt;</msg>
<status status="PASS" starttime="20220206 01:29:49.410" endtime="20220206 01:29:49.411"/>
</kw>
<kw name="Set Suite Variable" library="BuiltIn">
<arg>${RESPOSTA}</arg>
<doc>Makes a variable available everywhere within the scope of the current suite.</doc>
<msg timestamp="20220206 01:29:49.411" level="INFO">${RESPOSTA} = &lt;Response [200]&gt;</msg>
<status status="PASS" starttime="20220206 01:29:49.411" endtime="20220206 01:29:49.411"/>
</kw>
<status status="PASS" starttime="20220206 01:29:49.374" endtime="20220206 01:29:49.411"/>
</kw>
<kw name="Should Be Equal As Integers" library="BuiltIn">
<arg>${RESPOSTA.status_code}</arg>
<arg>200</arg>
<doc>Fails if objects are unequal after converting them to integers.</doc>
<msg timestamp="20220206 01:29:49.412" level="INFO">Argument types are:
&lt;class 'int'&gt;
&lt;type 'unicode'&gt;</msg>
<status status="PASS" starttime="20220206 01:29:49.411" endtime="20220206 01:29:49.412"/>
</kw>
<kw name="Dictionary Should Contain Key" library="Collections">
<arg>${RESPOSTA.json()}</arg>
<arg>data</arg>
<doc>Fails if ``key`` is not found from ``dictionary``.</doc>
<status status="PASS" starttime="20220206 01:29:49.412" endtime="20220206 01:29:49.413"/>
</kw>
<kw name="Dictionary Should Contain Item" library="Collections">
<arg>${RESPOSTA.json()["data"]}</arg>
<arg>id</arg>
<arg>2</arg>
<doc>An item of ``key`` / ``value`` must be found in a ``dictionary``.</doc>
<status status="PASS" starttime="20220206 01:29:49.413" endtime="20220206 01:29:49.414"/>
</kw>
<kw name="Dictionary Should Contain Item" library="Collections">
<arg>${RESPOSTA.json()["data"]}</arg>
<arg>email</arg>
<arg>janet.weaver@reqres.in</arg>
<doc>An item of ``key`` / ``value`` must be found in a ``dictionary``.</doc>
<status status="PASS" starttime="20220206 01:29:49.414" endtime="20220206 01:29:49.414"/>
</kw>
<kw name="Dictionary Should Contain Item" library="Collections">
<arg>${RESPOSTA.json()["data"]}</arg>
<arg>first_name</arg>
<arg>Janet</arg>
<doc>An item of ``key`` / ``value`` must be found in a ``dictionary``.</doc>
<status status="PASS" starttime="20220206 01:29:49.414" endtime="20220206 01:29:49.415"/>
</kw>
<kw name="Dictionary Should Contain Item" library="Collections">
<arg>${RESPOSTA.json()["data"]}</arg>
<arg>last_name</arg>
<arg>Weaver</arg>
<doc>An item of ``key`` / ``value`` must be found in a ``dictionary``.</doc>
<status status="PASS" starttime="20220206 01:29:49.415" endtime="20220206 01:29:49.415"/>
</kw>
<kw name="Dictionary Should Contain Item" library="Collections">
<arg>${RESPOSTA.json()["data"]}</arg>
<arg>avatar</arg>
<arg>https://reqres.in/img/faces/2-image.jpg</arg>
<doc>An item of ``key`` / ``value`` must be found in a ``dictionary``.</doc>
<status status="PASS" starttime="20220206 01:29:49.415" endtime="20220206 01:29:49.416"/>
</kw>
<kw name="Dictionary Should Contain Key" library="Collections">
<arg>${RESPOSTA.json()}</arg>
<arg>support</arg>
<doc>Fails if ``key`` is not found from ``dictionary``.</doc>
<status status="PASS" starttime="20220206 01:29:49.416" endtime="20220206 01:29:49.416"/>
</kw>
<kw name="Dictionary Should Contain Item" library="Collections">
<arg>${RESPOSTA.json()["support"]}</arg>
<arg>url</arg>
<arg>https://reqres.in/#support-heading</arg>
<doc>An item of ``key`` / ``value`` must be found in a ``dictionary``.</doc>
<status status="PASS" starttime="20220206 01:29:49.416" endtime="20220206 01:29:49.417"/>
</kw>
<kw name="Dictionary Should Contain Item" library="Collections">
<arg>${RESPOSTA.json()["support"]}</arg>
<arg>text</arg>
<arg>To keep ReqRes free, contributions towards server costs are appreciated!</arg>
<doc>An item of ``key`` / ``value`` must be found in a ``dictionary``.</doc>
<status status="PASS" starttime="20220206 01:29:49.417" endtime="20220206 01:29:49.418"/>
</kw>
<status status="PASS" starttime="20220206 01:29:49.374" endtime="20220206 01:29:49.418"/>
</kw>
<status status="PASS" starttime="20220206 01:29:07.180" endtime="20220206 01:29:49.419"/>
</test>
<status status="PASS" starttime="20220206 01:27:40.482" endtime="20220206 01:29:49.421"/>
</suite>
<statistics>
<total>
<stat pass="3" fail="0" skip="0">All Tests</stat>
</total>
<tag>
</tag>
<suite>
<stat pass="3" fail="0" skip="0" id="s1" name="projetoABC">projetoABC</stat>
</suite>
</statistics>
<errors>
<msg timestamp="20220206 01:29:07.189" level="WARN">Keyword 'RequestsLibrary.Get Request' is deprecated. Please use `GET On Session` instead.</msg>
<msg timestamp="20220206 01:29:49.377" level="WARN">Keyword 'RequestsLibrary.Get Request' is deprecated. Please use `GET On Session` instead.</msg>
</errors>
</robot>
